2023-07-28 14:08:11,102 p=25508 u=b2200930 |  localhost | UNREACHABLE! => {
    "changed": false,
    "msg": "Failed to connect to the host via ssh: b2200930@localhost: Permission denied (publickey,password).",
    "unreachable": true
}
2023-07-28 14:09:09,130 p=25520 u=b2200930 |  localhost | UNREACHABLE! => {
    "changed": false,
    "msg": "Failed to connect to the host via ssh: b2200930@localhost: Permission denied (publickey,password).",
    "unreachable": true
}
2023-07-28 14:16:10,562 p=25546 u=b2200930 |  ERROR! 'host' is not a valid attribute for a Play

The error appears to have been in '/home/b2200930/QUIC/ansible/playbok.yml': line 2, column 3, but may
be elsewhere in the file depending on the exact syntax problem.

The offending line appears to be:

---
- host: test_server
  ^ here

2023-07-28 14:17:03,261 p=25561 u=b2200930 |  ERROR! the playbook: playbok.yml could not be found
2023-07-28 14:17:10,617 p=25564 u=b2200930 |  ERROR! no action detected in task. This often indicates a misspelled module name, or incorrect module path.

The error appears to have been in '/home/b2200930/QUIC/ansible/playbook.yml': line 4, column 7, but may
be elsewhere in the file depending on the exact syntax problem.

The offending line appears to be:

  tasks:
    - name: Create directry
      ^ here

2023-07-28 14:21:45,865 p=25575 u=b2200930 |  ERROR! no action detected in task. This often indicates a misspelled module name, or incorrect module path.

The error appears to have been in '/home/b2200930/QUIC/ansible/playbook.yml': line 4, column 6, but may
be elsewhere in the file depending on the exact syntax problem.

The offending line appears to be:

  tasks:
   - name: Create directry
     ^ here

2023-07-28 14:22:33,800 p=25584 u=b2200930 |  ERROR! no action detected in task. This often indicates a misspelled module name, or incorrect module path.

The error appears to have been in '/home/b2200930/QUIC/ansible/playbook.yml': line 4, column 6, but may
be elsewhere in the file depending on the exact syntax problem.

The offending line appears to be:

  tasks:
   - name: Create directory
     ^ here

2023-07-28 14:25:48,254 p=25611 u=b2200930 |  ERROR! no action detected in task. This often indicates a misspelled module name, or incorrect module path.

The error appears to have been in '/home/b2200930/QUIC/ansible/playbook.yml': line 4, column 6, but may
be elsewhere in the file depending on the exact syntax problem.

The offending line appears to be:

  tasks:
   - name: Create directory
     ^ here

2023-07-28 14:30:19,530 p=25631 u=b2200930 |  ERROR! no action detected in task. This often indicates a misspelled module name, or incorrect module path.

The error appears to have been in '/home/b2200930/QUIC/ansible/playbook.yml': line 4, column 6, but may
be elsewhere in the file depending on the exact syntax problem.

The offending line appears to be:

  tasks:
   - name: Create directory
     ^ here

2023-07-28 14:34:50,064 p=25657 u=b2200930 |  ERROR! no action detected in task. This often indicates a misspelled module name, or incorrect module path.

The error appears to have been in '/home/b2200930/QUIC/ansible/playbook.yml': line 4, column 6, but may
be elsewhere in the file depending on the exact syntax problem.

The offending line appears to be:

  tasks:
   - name: Create directory
     ^ here

2023-07-30 00:37:13,057 p=5733 u=b2200930 |  ERROR! no action detected in task. This often indicates a misspelled module name, or incorrect module path.

The error appears to have been in '/home/b2200930/QUIC/ansible/playbook.yml': line 4, column 6, but may
be elsewhere in the file depending on the exact syntax problem.

The offending line appears to be:

  tasks:
   - name: Create directory
     ^ here

2023-07-30 00:45:21,221 p=6002 u=b2200930 n=ansible | [DEPRECATION WARNING]: Ansible will require Python 3.8 or newer on the 
controller starting with Ansible 2.12. Current version: 3.7.3 (default, Jun 29 
2023, 18:03:57) [GCC 8.3.0]. This feature will be removed from ansible-core in 
version 2.12. Deprecation warnings can be disabled by setting 
deprecation_warnings=False in ansible.cfg.
2023-07-30 00:49:59,122 p=6589 u=b2200930 n=ansible | [DEPRECATION WARNING]: Ansible will require Python 3.8 or newer on the 
controller starting with Ansible 2.12. Current version: 3.7.3 (default, Jun 29 
2023, 18:03:57) [GCC 8.3.0]. This feature will be removed from ansible-core in 
version 2.12. Deprecation warnings can be disabled by setting 
deprecation_warnings=False in ansible.cfg.
2023-07-30 00:58:22,029 p=6620 u=b2200930 n=ansible | [DEPRECATION WARNING]: Ansible will require Python 3.8 or newer on the 
controller starting with Ansible 2.12. Current version: 3.7.3 (default, Jun 29 
2023, 18:03:57) [GCC 8.3.0]. This feature will be removed from ansible-core in 
version 2.12. Deprecation warnings can be disabled by setting 
deprecation_warnings=False in ansible.cfg.
2023-07-30 01:01:31,062 p=6663 u=b2200930 n=ansible | [DEPRECATION WARNING]: Ansible will require Python 3.8 or newer on the 
controller starting with Ansible 2.12. Current version: 3.7.3 (default, Jun 29 
2023, 18:03:57) [GCC 8.3.0]. This feature will be removed from ansible-core in 
version 2.12. Deprecation warnings can be disabled by setting 
deprecation_warnings=False in ansible.cfg.
2023-07-30 01:01:31,496 p=6663 u=b2200930 n=ansible | [WARNING]: provided hosts list is empty, only localhost is available. Note that
the implicit localhost does not match 'all'

2023-07-30 01:01:31,497 p=6663 u=b2200930 n=ansible | [WARNING]: Could not match supplied host pattern, ignoring: myhost

2023-07-30 01:01:53,594 p=6670 u=b2200930 n=ansible | [DEPRECATION WARNING]: Ansible will require Python 3.8 or newer on the 
controller starting with Ansible 2.12. Current version: 3.7.3 (default, Jun 29 
2023, 18:03:57) [GCC 8.3.0]. This feature will be removed from ansible-core in 
version 2.12. Deprecation warnings can be disabled by setting 
deprecation_warnings=False in ansible.cfg.
2023-07-30 01:01:54,496 p=6670 u=b2200930 n=ansible | localhost | SUCCESS => {
    "changed": false,
    "ping": "pong"
}
2023-07-30 01:04:27,077 p=7229 u=b2200930 n=ansible | [DEPRECATION WARNING]: Ansible will require Python 3.8 or newer on the 
controller starting with Ansible 2.12. Current version: 3.7.3 (default, Jun 29 
2023, 18:03:57) [GCC 8.3.0]. This feature will be removed from ansible-core in 
version 2.12. Deprecation warnings can be disabled by setting 
deprecation_warnings=False in ansible.cfg.
2023-07-30 01:04:27,967 p=7229 u=b2200930 n=ansible | localhost | SUCCESS => {
    "changed": false,
    "ping": "pong"
}
2023-07-30 01:05:06,063 p=7262 u=b2200930 n=ansible | [DEPRECATION WARNING]: Ansible will require Python 3.8 or newer on the 
controller starting with Ansible 2.12. Current version: 3.7.3 (default, Jun 29 
2023, 18:03:57) [GCC 8.3.0]. This feature will be removed from ansible-core in 
version 2.12. Deprecation warnings can be disabled by setting 
deprecation_warnings=False in ansible.cfg.
2023-07-30 01:05:50,686 p=7265 u=b2200930 n=ansible | [DEPRECATION WARNING]: Ansible will require Python 3.8 or newer on the 
controller starting with Ansible 2.12. Current version: 3.7.3 (default, Jun 29 
2023, 18:03:57) [GCC 8.3.0]. This feature will be removed from ansible-core in 
version 2.12. Deprecation warnings can be disabled by setting 
deprecation_warnings=False in ansible.cfg.
2023-07-30 01:05:51,293 p=7265 u=b2200930 n=ansible | localhost | CHANGED | rc=0 >>
Python 3.10.7


2023-07-30 01:07:36,755 p=7343 u=b2200930 n=ansible | [DEPRECATION WARNING]: Ansible will require Python 3.8 or newer on the 
controller starting with Ansible 2.12. Current version: 3.7.3 (default, Jun 29 
2023, 18:03:57) [GCC 8.3.0]. This feature will be removed from ansible-core in 
version 2.12. Deprecation warnings can be disabled by setting 
deprecation_warnings=False in ansible.cfg.
2023-07-30 01:07:37,366 p=7343 u=b2200930 n=ansible | localhost | CHANGED | rc=0 >>
Python 3.10.7


2023-07-30 01:07:43,987 p=7392 u=b2200930 n=ansible | [DEPRECATION WARNING]: Ansible will require Python 3.8 or newer on the 
controller starting with Ansible 2.12. Current version: 3.7.3 (default, Jun 29 
2023, 18:03:57) [GCC 8.3.0]. This feature will be removed from ansible-core in 
version 2.12. Deprecation warnings can be disabled by setting 
deprecation_warnings=False in ansible.cfg.
2023-07-30 01:07:44,871 p=7392 u=b2200930 n=ansible | localhost | SUCCESS => {
    "changed": false,
    "ping": "pong"
}
2023-07-30 01:09:28,361 p=7431 u=b2200930 n=ansible | [DEPRECATION WARNING]: Ansible will require Python 3.8 or newer on the 
controller starting with Ansible 2.12. Current version: 3.7.3 (default, Jun 29 
2023, 18:03:57) [GCC 8.3.0]. This feature will be removed from ansible-core in 
version 2.12. Deprecation warnings can be disabled by setting 
deprecation_warnings=False in ansible.cfg.
2023-07-30 01:09:29,243 p=7431 u=b2200930 n=ansible | localhost | SUCCESS => {
    "changed": false,
    "ping": "pong"
}
2023-07-30 01:39:07,035 p=2656 u=b2200930 n=ansible | [DEPRECATION WARNING]: Ansible will require Python 3.8 or newer on the 
controller starting with Ansible 2.12. Current version: 3.7.3 (default, Jun 29 
2023, 18:03:57) [GCC 8.3.0]. This feature will be removed from ansible-core in 
version 2.12. Deprecation warnings can be disabled by setting 
deprecation_warnings=False in ansible.cfg.
2023-07-30 01:44:09,634 p=2681 u=b2200930 n=ansible | [DEPRECATION WARNING]: Ansible will require Python 3.8 or newer on the 
controller starting with Ansible 2.12. Current version: 3.7.3 (default, Jun 29 
2023, 18:03:57) [GCC 8.3.0]. This feature will be removed from ansible-core in 
version 2.12. Deprecation warnings can be disabled by setting 
deprecation_warnings=False in ansible.cfg.
2023-07-30 01:46:49,832 p=2685 u=b2200930 n=ansible | [DEPRECATION WARNING]: Ansible will require Python 3.8 or newer on the 
controller starting with Ansible 2.12. Current version: 3.7.3 (default, Jun 29 
2023, 18:03:57) [GCC 8.3.0]. This feature will be removed from ansible-core in 
version 2.12. Deprecation warnings can be disabled by setting 
deprecation_warnings=False in ansible.cfg.
2023-07-30 01:52:36,934 p=2735 u=b2200930 n=ansible | [DEPRECATION WARNING]: Ansible will require Python 3.8 or newer on the 
controller starting with Ansible 2.12. Current version: 3.7.3 (default, Jun 29 
2023, 18:03:57) [GCC 8.3.0]. This feature will be removed from ansible-core in 
version 2.12. Deprecation warnings can be disabled by setting 
deprecation_warnings=False in ansible.cfg.
2023-07-30 01:54:12,766 p=2739 u=b2200930 n=ansible | [DEPRECATION WARNING]: Ansible will require Python 3.8 or newer on the 
controller starting with Ansible 2.12. Current version: 3.7.3 (default, Jun 29 
2023, 18:03:57) [GCC 8.3.0]. This feature will be removed from ansible-core in 
version 2.12. Deprecation warnings can be disabled by setting 
deprecation_warnings=False in ansible.cfg.
2023-07-30 01:54:35,548 p=2743 u=b2200930 n=ansible | [DEPRECATION WARNING]: Ansible will require Python 3.8 or newer on the 
controller starting with Ansible 2.12. Current version: 3.7.3 (default, Jun 29 
2023, 18:03:57) [GCC 8.3.0]. This feature will be removed from ansible-core in 
version 2.12. Deprecation warnings can be disabled by setting 
deprecation_warnings=False in ansible.cfg.
2023-07-30 01:54:57,918 p=2747 u=b2200930 n=ansible | [DEPRECATION WARNING]: Ansible will require Python 3.8 or newer on the 
controller starting with Ansible 2.12. Current version: 3.7.3 (default, Jun 29 
2023, 18:03:57) [GCC 8.3.0]. This feature will be removed from ansible-core in 
version 2.12. Deprecation warnings can be disabled by setting 
deprecation_warnings=False in ansible.cfg.
2023-07-30 01:56:16,526 p=2758 u=b2200930 n=ansible | [DEPRECATION WARNING]: Ansible will require Python 3.8 or newer on the 
controller starting with Ansible 2.12. Current version: 3.7.3 (default, Jun 29 
2023, 18:03:57) [GCC 8.3.0]. This feature will be removed from ansible-core in 
version 2.12. Deprecation warnings can be disabled by setting 
deprecation_warnings=False in ansible.cfg.
2023-07-30 01:59:29,691 p=2803 u=b2200930 n=ansible | [DEPRECATION WARNING]: Ansible will require Python 3.8 or newer on the 
controller starting with Ansible 2.12. Current version: 3.7.3 (default, Jun 29 
2023, 18:03:57) [GCC 8.3.0]. This feature will be removed from ansible-core in 
version 2.12. Deprecation warnings can be disabled by setting 
deprecation_warnings=False in ansible.cfg.
2023-07-30 02:04:09,245 p=2859 u=b2200930 n=ansible | [DEPRECATION WARNING]: Ansible will require Python 3.8 or newer on the 
controller starting with Ansible 2.12. Current version: 3.7.3 (default, Jun 29 
2023, 18:03:57) [GCC 8.3.0]. This feature will be removed from ansible-core in 
version 2.12. Deprecation warnings can be disabled by setting 
deprecation_warnings=False in ansible.cfg.
2023-07-30 02:07:22,367 p=3773 u=b2200930 n=ansible | [DEPRECATION WARNING]: Ansible will require Python 3.8 or newer on the 
controller starting with Ansible 2.12. Current version: 3.7.3 (default, Jun 29 
2023, 18:03:57) [GCC 8.3.0]. This feature will be removed from ansible-core in 
version 2.12. Deprecation warnings can be disabled by setting 
deprecation_warnings=False in ansible.cfg.
2023-07-30 02:07:41,122 p=3775 u=b2200930 n=ansible | [DEPRECATION WARNING]: Ansible will require Python 3.8 or newer on the 
controller starting with Ansible 2.12. Current version: 3.7.3 (default, Jun 29 
2023, 18:03:57) [GCC 8.3.0]. This feature will be removed from ansible-core in 
version 2.12. Deprecation warnings can be disabled by setting 
deprecation_warnings=False in ansible.cfg.
2023-07-30 02:07:43,692 p=3775 u=b2200930 n=ansible | localhost | SUCCESS => {
    "changed": false,
    "ping": "pong"
}
2023-07-30 03:49:07,342 p=28913 u=b2200930 n=ansible | localhost | SUCCESS => {
    "msg": "Hello, world"
}
2023-07-30 03:49:32,079 p=28928 u=b2200930 n=ansible | PLAY [test_server] ************************************************************************
2023-07-30 03:49:32,093 p=28928 u=b2200930 n=ansible | TASK [Gathering Facts] ********************************************************************
2023-07-30 03:49:32,225 p=28928 u=b2200930 n=ansible | fatal: [10.252.0.248]: UNREACHABLE! => {"changed": false, "msg": "Failed to connect to the host via ssh: b2200930@10.252.0.248: Permission denied (publickey,password).", "unreachable": true}
2023-07-30 03:49:32,226 p=28928 u=b2200930 n=ansible | PLAY RECAP ********************************************************************************
2023-07-30 03:49:32,226 p=28928 u=b2200930 n=ansible | 10.252.0.248               : ok=0    changed=0    unreachable=1    failed=0    skipped=0    rescued=0    ignored=0   
2023-08-01 14:22:22,518 p=1215 u=b2200930 n=ansible | PLAY [test_server] *************************************************************
2023-08-01 14:22:22,529 p=1215 u=b2200930 n=ansible | TASK [Gathering Facts] *********************************************************
2023-08-01 14:22:22,658 p=1215 u=b2200930 n=ansible | fatal: [10.252.0.248]: UNREACHABLE! => {"changed": false, "msg": "Failed to connect to the host via ssh: b2200930@10.252.0.248: Permission denied (publickey,password).", "unreachable": true}
2023-08-01 14:22:22,660 p=1215 u=b2200930 n=ansible | PLAY RECAP *********************************************************************
2023-08-01 14:22:22,661 p=1215 u=b2200930 n=ansible | 10.252.0.248               : ok=0    changed=0    unreachable=1    failed=0    skipped=0    rescued=0    ignored=0   
2023-08-01 14:50:24,231 p=1309 u=b2200930 n=ansible | localhost | UNREACHABLE! => {
    "changed": false,
    "msg": "Failed to connect to the host via ssh: b2200930@localhost: Permission denied (publickey,password).",
    "unreachable": true
}
2023-08-01 14:51:13,867 p=1323 u=b2200930 n=ansible | 10.252.0.248 | UNREACHABLE! => {
    "changed": false,
    "msg": "Failed to connect to the host via ssh: b2200930@10.252.0.248: Permission denied (publickey,password).",
    "unreachable": true
}
2023-08-01 14:57:39,165 p=1370 u=b2200930 n=ansible | 10.252.0.248 | UNREACHABLE! => {
    "changed": false,
    "msg": "Failed to connect to the host via ssh: b2200930@10.252.0.248: Permission denied (publickey,password).",
    "unreachable": true
}
2023-08-01 14:57:39,274 p=1370 u=b2200930 n=ansible | ansible_ssh_common_args | UNREACHABLE! => {
    "changed": false,
    "msg": "Failed to connect to the host via ssh: ssh: Could not resolve hostname ansible_ssh_common_args: Name or service not known",
    "unreachable": true
}
2023-08-01 15:02:26,378 p=1415 u=b2200930 n=ansible | 10.252.0.248 | UNREACHABLE! => {
    "changed": false,
    "msg": "Failed to connect to the host via ssh: b2200930@10.252.0.248: Permission denied (publickey,password).",
    "unreachable": true
}
2023-08-01 15:03:21,742 p=1427 u=b2200930 n=ansible | 10.252.0.248 | UNREACHABLE! => {
    "changed": false,
    "msg": "Failed to connect to the host via ssh: b2200930@10.252.0.248: Permission denied (publickey,password).",
    "unreachable": true
}
2023-08-01 15:10:33,274 p=1460 u=b2200930 n=ansible | 10.252.0.248 | FAILED! => {
    "changed": false,
    "module_stderr": "Connection to 10.252.0.248 closed.\r\n",
    "module_stdout": "/bin/sh: 1: /usr/local/bin/python3.10: not found\r\n",
    "msg": "The module failed to execute correctly, you probably need to set the interpreter.\nSee stdout/stderr for the exact error",
    "rc": 127
}
2023-08-01 15:11:45,341 p=1522 u=b2200930 n=ansible | 10.252.0.248 | SUCCESS => {
    "ansible_facts": {
        "discovered_interpreter_python": "/usr/bin/python3"
    },
    "changed": false,
    "ping": "pong"
}
